<?xml version="1.0" encoding="UTF-8"?>
<testsuite name="com.easysystems.easyorderservice.controllers.CustomerControllerIntgTest" tests="1" skipped="0" failures="0" errors="0" timestamp="2022-10-13T13:30:15" hostname="DESKTOP-3RECD67" time="1.221">
  <properties/>
  <testcase name="addCustomerToTabletop()" classname="com.easysystems.easyorderservice.controllers.CustomerControllerIntgTest" time="1.221"/>
  <system-out><![CDATA[15:30:09.162 [Test worker] DEBUG org.springframework.test.context.BootstrapUtils - Instantiating CacheAwareContextLoaderDelegate from class [org.springframework.test.context.cache.DefaultCacheAwareContextLoaderDelegate]
15:30:09.177 [Test worker] DEBUG org.springframework.test.context.BootstrapUtils - Instantiating BootstrapContext using constructor [public org.springframework.test.context.support.DefaultBootstrapContext(java.lang.Class,org.springframework.test.context.CacheAwareContextLoaderDelegate)]
15:30:09.221 [Test worker] DEBUG org.springframework.test.context.BootstrapUtils - Instantiating TestContextBootstrapper for test class [com.easysystems.easyorderservice.controllers.CustomerControllerIntgTest] from class [org.springframework.boot.test.context.SpringBootTestContextBootstrapper]
15:30:09.234 [Test worker] INFO org.springframework.boot.test.context.SpringBootTestContextBootstrapper - Neither @ContextConfiguration nor @ContextHierarchy found for test class [com.easysystems.easyorderservice.controllers.CustomerControllerIntgTest], using SpringBootContextLoader
15:30:09.238 [Test worker] DEBUG org.springframework.test.context.support.AbstractContextLoader - Did not detect default resource location for test class [com.easysystems.easyorderservice.controllers.CustomerControllerIntgTest]: class path resource [com/easysystems/easyorderservice/controllers/CustomerControllerIntgTest-context.xml] does not exist
15:30:09.238 [Test worker] DEBUG org.springframework.test.context.support.AbstractContextLoader - Did not detect default resource location for test class [com.easysystems.easyorderservice.controllers.CustomerControllerIntgTest]: class path resource [com/easysystems/easyorderservice/controllers/CustomerControllerIntgTestContext.groovy] does not exist
15:30:09.239 [Test worker] INFO org.springframework.test.context.support.AbstractContextLoader - Could not detect default resource locations for test class [com.easysystems.easyorderservice.controllers.CustomerControllerIntgTest]: no resource found for suffixes {-context.xml, Context.groovy}.
15:30:09.239 [Test worker] DEBUG org.springframework.test.context.support.AnnotationConfigContextLoaderUtils - Ignoring class [com.easysystems.easyorderservice.controllers.CustomerControllerIntgTest$Companion]; it must be static, non-private, non-final, and annotated with @Configuration to be considered a default configuration class.
15:30:09.239 [Test worker] INFO org.springframework.test.context.support.AnnotationConfigContextLoaderUtils - Could not detect default configuration classes for test class [com.easysystems.easyorderservice.controllers.CustomerControllerIntgTest]: CustomerControllerIntgTest does not declare any static, non-private, non-final, nested classes annotated with @Configuration.
15:30:09.461 [Test worker] DEBUG org.springframework.context.annotation.ClassPathScanningCandidateComponentProvider - Identified candidate component class: file [C:\Users\1034162\Documents\IntelliJ\easy-order-service\build\classes\kotlin\main\com\easysystems\easyorderservice\EasyOrderServiceApplication.class]
15:30:09.464 [Test worker] INFO org.springframework.boot.test.context.SpringBootTestContextBootstrapper - Found @SpringBootConfiguration com.easysystems.easyorderservice.EasyOrderServiceApplication for test class com.easysystems.easyorderservice.controllers.CustomerControllerIntgTest
15:30:09.564 [Test worker] DEBUG org.springframework.boot.test.context.SpringBootTestContextBootstrapper - @TestExecutionListeners is not present for class [com.easysystems.easyorderservice.controllers.CustomerControllerIntgTest]: using defaults.
15:30:09.564 [Test worker] INFO org.springframework.boot.test.context.SpringBootTestContextBootstrapper - Loaded default TestExecutionListener class names from location [META-INF/spring.factories]: [com.ninjasquad.springmockk.MockkTestExecutionListener, com.ninjasquad.springmockk.ClearMocksTestExecutionListener, org.springframework.boot.test.autoconfigure.restdocs.RestDocsTestExecutionListener, org.springframework.boot.test.autoconfigure.web.client.MockRestServiceServerResetTestExecutionListener, org.springframework.boot.test.autoconfigure.web.servlet.MockMvcPrintOnlyOnFailureTestExecutionListener, org.springframework.boot.test.autoconfigure.web.servlet.WebDriverTestExecutionListener, org.springframework.boot.test.autoconfigure.webservices.client.MockWebServiceServerTestExecutionListener, org.springframework.boot.test.mock.mockito.MockitoTestExecutionListener, org.springframework.boot.test.mock.mockito.ResetMocksTestExecutionListener, org.springframework.test.context.web.ServletTestExecutionListener, org.springframework.test.context.support.DirtiesContextBeforeModesTestExecutionListener, org.springframework.test.context.event.ApplicationEventsTestExecutionListener, org.springframework.test.context.support.DependencyInjectionTestExecutionListener, org.springframework.test.context.support.DirtiesContextTestExecutionListener, org.springframework.test.context.transaction.TransactionalTestExecutionListener, org.springframework.test.context.jdbc.SqlScriptsTestExecutionListener, org.springframework.test.context.event.EventPublishingTestExecutionListener]
15:30:09.872 [Test worker] INFO org.springframework.boot.test.context.SpringBootTestContextBootstrapper - Using TestExecutionListeners: [org.springframework.test.context.web.ServletTestExecutionListener@26f7cdf8, org.springframework.test.context.support.DirtiesContextBeforeModesTestExecutionListener@376e7531, org.springframework.test.context.event.ApplicationEventsTestExecutionListener@23202c31, com.ninjasquad.springmockk.MockkTestExecutionListener@5782d777, org.springframework.boot.test.mock.mockito.MockitoTestExecutionListener@4f824872, org.springframework.boot.test.autoconfigure.SpringBootDependencyInjectionTestExecutionListener@b016b4e, org.springframework.test.context.support.DirtiesContextTestExecutionListener@29629fbb, org.springframework.test.context.transaction.TransactionalTestExecutionListener@681adc8f, org.springframework.test.context.jdbc.SqlScriptsTestExecutionListener@3506d826, org.springframework.test.context.event.EventPublishingTestExecutionListener@35dd9ed3, com.ninjasquad.springmockk.ClearMocksTestExecutionListener@8ff5094, org.springframework.boot.test.autoconfigure.restdocs.RestDocsTestExecutionListener@363f0ba0, org.springframework.boot.test.autoconfigure.web.client.MockRestServiceServerResetTestExecutionListener@35fb22a9, org.springframework.boot.test.autoconfigure.web.servlet.MockMvcPrintOnlyOnFailureTestExecutionListener@6c8909c3, org.springframework.boot.test.autoconfigure.web.servlet.WebDriverTestExecutionListener@1e008f36, org.springframework.boot.test.autoconfigure.webservices.client.MockWebServiceServerTestExecutionListener@50acf55d, org.springframework.boot.test.mock.mockito.ResetMocksTestExecutionListener@3cae7b8b]
15:30:09.879 [Test worker] DEBUG org.springframework.test.context.support.AbstractDirtiesContextTestExecutionListener - Before test class: context [DefaultTestContext@30501e60 testClass = CustomerControllerIntgTest, testInstance = [null], testMethod = [null], testException = [null], mergedContextConfiguration = [WebMergedContextConfiguration@289778cd testClass = CustomerControllerIntgTest, locations = '{}', classes = '{class com.easysystems.easyorderservice.EasyOrderServiceApplication}', contextInitializerClasses = '[]', activeProfiles = '{test}', propertySourceLocations = '{}', propertySourceProperties = '{org.springframework.boot.test.context.SpringBootTestContextBootstrapper=true, server.port=0}', contextCustomizers = set[MockkContextCustomizer(definitions=[]), org.springframework.boot.test.autoconfigure.actuate.metrics.MetricsExportContextCustomizerFactory$DisableMetricExportContextCustomizer@4372b9b6, org.springframework.boot.test.autoconfigure.properties.PropertyMappingContextCustomizer@ec54a5c9, org.springframework.boot.test.autoconfigure.web.servlet.WebDriverContextCustomizerFactory$Customizer@362045c0, [ImportsContextCustomizer@7495699f key = [org.springframework.boot.autoconfigure.security.oauth2.client.reactive.ReactiveOAuth2ClientAutoConfiguration, org.springframework.boot.autoconfigure.security.oauth2.resource.reactive.ReactiveOAuth2ResourceServerAutoConfiguration, org.springframework.boot.autoconfigure.security.reactive.ReactiveSecurityAutoConfiguration, org.springframework.boot.autoconfigure.security.reactive.ReactiveUserDetailsServiceAutoConfiguration, org.springframework.boot.test.autoconfigure.web.reactive.WebTestClientAutoConfiguration]], org.springframework.boot.test.context.filter.ExcludeFilterContextCustomizer@3a393455, org.springframework.boot.test.json.DuplicateJsonObjectContextCustomizerFactory$DuplicateJsonObjectContextCustomizer@3a6f2de3, org.springframework.boot.test.mock.mockito.MockitoContextCustomizer@0, org.springframework.boot.test.web.client.TestRestTemplateContextCustomizer@424ebba3, org.springframework.boot.test.web.reactive.server.WebTestClientContextCustomizer@3d97a632, org.springframework.boot.test.context.SpringBootTestArgs@1, org.springframework.boot.test.context.SpringBootTestWebEnvironment@434a63ab], resourceBasePath = 'src/main/webapp', contextLoader = 'org.springframework.boot.test.context.SpringBootContextLoader', parent = [null]], attributes = map['org.springframework.test.context.web.ServletTestExecutionListener.activateListener' -> false]], class annotated with @DirtiesContext [false] with mode [null].
15:30:09.990 [Test worker] DEBUG org.springframework.test.context.support.DependencyInjectionTestExecutionListener - Performing dependency injection for test context [[DefaultTestContext@30501e60 testClass = CustomerControllerIntgTest, testInstance = com.easysystems.easyorderservice.controllers.CustomerControllerIntgTest@3ed03652, testMethod = [null], testException = [null], mergedContextConfiguration = [WebMergedContextConfiguration@289778cd testClass = CustomerControllerIntgTest, locations = '{}', classes = '{class com.easysystems.easyorderservice.EasyOrderServiceApplication}', contextInitializerClasses = '[]', activeProfiles = '{test}', propertySourceLocations = '{}', propertySourceProperties = '{org.springframework.boot.test.context.SpringBootTestContextBootstrapper=true, server.port=0}', contextCustomizers = set[MockkContextCustomizer(definitions=[]), org.springframework.boot.test.autoconfigure.actuate.metrics.MetricsExportContextCustomizerFactory$DisableMetricExportContextCustomizer@4372b9b6, org.springframework.boot.test.autoconfigure.properties.PropertyMappingContextCustomizer@ec54a5c9, org.springframework.boot.test.autoconfigure.web.servlet.WebDriverContextCustomizerFactory$Customizer@362045c0, [ImportsContextCustomizer@7495699f key = [org.springframework.boot.autoconfigure.security.oauth2.client.reactive.ReactiveOAuth2ClientAutoConfiguration, org.springframework.boot.autoconfigure.security.oauth2.resource.reactive.ReactiveOAuth2ResourceServerAutoConfiguration, org.springframework.boot.autoconfigure.security.reactive.ReactiveSecurityAutoConfiguration, org.springframework.boot.autoconfigure.security.reactive.ReactiveUserDetailsServiceAutoConfiguration, org.springframework.boot.test.autoconfigure.web.reactive.WebTestClientAutoConfiguration]], org.springframework.boot.test.context.filter.ExcludeFilterContextCustomizer@3a393455, org.springframework.boot.test.json.DuplicateJsonObjectContextCustomizerFactory$DuplicateJsonObjectContextCustomizer@3a6f2de3, org.springframework.boot.test.mock.mockito.MockitoContextCustomizer@0, org.springframework.boot.test.web.client.TestRestTemplateContextCustomizer@424ebba3, org.springframework.boot.test.web.reactive.server.WebTestClientContextCustomizer@3d97a632, org.springframework.boot.test.context.SpringBootTestArgs@1, org.springframework.boot.test.context.SpringBootTestWebEnvironment@434a63ab], resourceBasePath = 'src/main/webapp', contextLoader = 'org.springframework.boot.test.context.SpringBootContextLoader', parent = [null]], attributes = map['org.springframework.test.context.web.ServletTestExecutionListener.activateListener' -> false, 'org.springframework.test.context.event.ApplicationEventsTestExecutionListener.recordApplicationEvents' -> false]]].

  .   ____          _            __ _ _
 /\\ / ___'_ __ _ _(_)_ __  __ _ \ \ \ \
( ( )\___ | '_ | '_| | '_ \/ _` | \ \ \ \
 \\/  ___)| |_)| | | | | || (_| |  ) ) ) )
  '  |____| .__|_| |_|_| |_\__, | / / / /
 =========|_|==============|___/=/_/_/_/
 :: Spring Boot ::                (v2.7.4)

2022-10-13 15:30:10.438  INFO 20920 --- [    Test worker] c.e.e.c.CustomerControllerIntgTest       : Starting CustomerControllerIntgTest using Java 18.0.2.1 on DESKTOP-3RECD67 with PID 20920 (started by 1034162 in C:\Users\1034162\Documents\IntelliJ\easy-order-service)
2022-10-13 15:30:10.440  INFO 20920 --- [    Test worker] c.e.e.c.CustomerControllerIntgTest       : The following 1 profile is active: "test"
2022-10-13 15:30:11.183  INFO 20920 --- [    Test worker] .s.d.r.c.RepositoryConfigurationDelegate : Bootstrapping Spring Data JPA repositories in DEFAULT mode.
2022-10-13 15:30:11.460  INFO 20920 --- [    Test worker] .s.d.r.c.RepositoryConfigurationDelegate : Finished Spring Data repository scanning in 266 ms. Found 6 JPA repository interfaces.
2022-10-13 15:30:12.230  INFO 20920 --- [    Test worker] o.s.b.w.embedded.tomcat.TomcatWebServer  : Tomcat initialized with port(s): 0 (http)
2022-10-13 15:30:12.244  INFO 20920 --- [    Test worker] o.apache.catalina.core.StandardService   : Starting service [Tomcat]
2022-10-13 15:30:12.244  INFO 20920 --- [    Test worker] org.apache.catalina.core.StandardEngine  : Starting Servlet engine: [Apache Tomcat/9.0.65]
2022-10-13 15:30:12.422  INFO 20920 --- [    Test worker] o.a.c.c.C.[Tomcat].[localhost].[/]       : Initializing Spring embedded WebApplicationContext
2022-10-13 15:30:12.423  INFO 20920 --- [    Test worker] w.s.c.ServletWebServerApplicationContext : Root WebApplicationContext: initialization completed in 1966 ms
2022-10-13 15:30:12.467  INFO 20920 --- [    Test worker] com.zaxxer.hikari.HikariDataSource       : HikariPool-1 - Starting...
2022-10-13 15:30:12.658  INFO 20920 --- [    Test worker] com.zaxxer.hikari.HikariDataSource       : HikariPool-1 - Start completed.
2022-10-13 15:30:12.667  INFO 20920 --- [    Test worker] o.s.b.a.h2.H2ConsoleAutoConfiguration    : H2 console available at '/h2-console'. Database available at 'jdbc:h2:mem:testdb'
2022-10-13 15:30:12.949  INFO 20920 --- [    Test worker] o.hibernate.jpa.internal.util.LogHelper  : HHH000204: Processing PersistenceUnitInfo [name: default]
2022-10-13 15:30:13.009  INFO 20920 --- [    Test worker] org.hibernate.Version                    : HHH000412: Hibernate ORM core version 5.6.11.Final
2022-10-13 15:30:13.189  INFO 20920 --- [    Test worker] o.hibernate.annotations.common.Version   : HCANN000001: Hibernate Commons Annotations {5.1.2.Final}
2022-10-13 15:30:13.309  INFO 20920 --- [    Test worker] org.hibernate.dialect.Dialect            : HHH000400: Using dialect: org.hibernate.dialect.H2Dialect
2022-10-13 15:30:13.432  WARN 20920 --- [    Test worker] org.hibernate.cfg.AnnotationBinder       : HHH000139: Illegal use of @Table in a subclass of a SINGLE_TABLE hierarchy: com.easysystems.easyorderservice.entities.Customer
2022-10-13 15:30:13.435  WARN 20920 --- [    Test worker] org.hibernate.cfg.AnnotationBinder       : HHH000139: Illegal use of @Table in a subclass of a SINGLE_TABLE hierarchy: com.easysystems.easyorderservice.entities.Employee
2022-10-13 15:30:13.890  INFO 20920 --- [    Test worker] o.h.e.t.j.p.i.JtaPlatformInitiator       : HHH000490: Using JtaPlatform implementation: [org.hibernate.engine.transaction.jta.platform.internal.NoJtaPlatform]
2022-10-13 15:30:13.898  INFO 20920 --- [    Test worker] j.LocalContainerEntityManagerFactoryBean : Initialized JPA EntityManagerFactory for persistence unit 'default'
2022-10-13 15:30:14.581  WARN 20920 --- [    Test worker] JpaBaseConfiguration$JpaWebConfiguration : spring.jpa.open-in-view is enabled by default. Therefore, database queries may be performed during view rendering. Explicitly configure spring.jpa.open-in-view to disable this warning
2022-10-13 15:30:15.268  INFO 20920 --- [    Test worker] o.s.b.w.embedded.tomcat.TomcatWebServer  : Tomcat started on port(s): 60931 (http) with context path ''
2022-10-13 15:30:15.277  INFO 20920 --- [    Test worker] c.e.e.c.CustomerControllerIntgTest       : Started CustomerControllerIntgTest in 5.259 seconds (JVM running for 7.194)
2022-10-13 15:30:16.324  INFO 20920 --- [o-auto-1-exec-1] o.a.c.c.C.[Tomcat].[localhost].[/]       : Initializing Spring DispatcherServlet 'dispatcherServlet'
2022-10-13 15:30:16.325  INFO 20920 --- [o-auto-1-exec-1] o.s.web.servlet.DispatcherServlet        : Initializing Servlet 'dispatcherServlet'
2022-10-13 15:30:16.326  INFO 20920 --- [o-auto-1-exec-1] o.s.web.servlet.DispatcherServlet        : Completed initialization in 1 ms
2022-10-13 15:30:16.394  INFO 20920 --- [o-auto-1-exec-1] mu.KLogging                              : Table 2 is authenticated by customer
2022-10-13 15:30:16.403  INFO 20920 --- [o-auto-1-exec-1] c.e.e.services.CustomerService           : Customer Tom is added to table 2
2022-10-13 15:30:16.514  INFO 20920 --- [    Test worker] c.e.e.c.CustomerControllerIntgTest       : Test result: true
]]></system-out>
  <system-err><![CDATA[]]></system-err>
</testsuite>
